<?xml version="1.0" encoding="UTF-8"?>
<!-- Generated by org.testng.reporters.JUnitXMLReporter -->
<testsuite hostname="DESKTOP-QG5NK8U" ignored="0" name="Default test" tests="3" failures="0" timestamp="26 May 2019 16:08:49 GMT" time="297.787" errors="0">
  <testcase name="GetURL" time="17.634" classname="imdb.FetchTop250MoviesDetails"/>
  <testcase name="NavigateInIMDB" time="19.389" classname="imdb.FetchTop250MoviesDetails"/>
  <testcase name="FetchData" time="257.926" classname="imdb.FetchTop250MoviesDetails"/>
</testsuite> <!-- Default test -->
