<?xml version="1.0" encoding="UTF-8"?>
<testng-results skipped="0" failed="0" ignored="0" total="3" passed="3">
  <reporter-output>
  </reporter-output>
  <suite name="Default suite" duration-ms="297787" started-at="2019-05-26T16:03:51Z" finished-at="2019-05-26T16:08:49Z">
    <groups>
    </groups>
    <test name="Default test" duration-ms="297787" started-at="2019-05-26T16:03:51Z" finished-at="2019-05-26T16:08:49Z">
      <class name="imdb.FetchTop250MoviesDetails">
        <test-method status="PASS" signature="droptable()[pri:0, instance:imdb.FetchTop250MoviesDetails@5a45133e]" name="droptable" is-config="true" duration-ms="764" started-at="2019-05-26T16:03:51Z" finished-at="2019-05-26T16:03:52Z">
          <reporter-output>
          </reporter-output>
        </test-method> <!-- droptable -->
        <test-method status="PASS" signature="GetURL()[pri:0, instance:imdb.FetchTop250MoviesDetails@5a45133e]" name="GetURL" duration-ms="17634" started-at="2019-05-26T16:03:52Z" finished-at="2019-05-26T16:04:09Z">
          <reporter-output>
          </reporter-output>
        </test-method> <!-- GetURL -->
        <test-method status="PASS" signature="NavigateInIMDB()[pri:0, instance:imdb.FetchTop250MoviesDetails@5a45133e]" name="NavigateInIMDB" duration-ms="19389" started-at="2019-05-26T16:04:09Z" depends-on-methods="imdb.FetchTop250MoviesDetails.GetURL" finished-at="2019-05-26T16:04:29Z">
          <reporter-output>
          </reporter-output>
        </test-method> <!-- NavigateInIMDB -->
        <test-method status="PASS" signature="FetchData()[pri:0, instance:imdb.FetchTop250MoviesDetails@5a45133e]" name="FetchData" duration-ms="257926" started-at="2019-05-26T16:04:29Z" depends-on-methods="imdb.FetchTop250MoviesDetails.GetURL, imdb.FetchTop250MoviesDetails.NavigateInIMDB" finished-at="2019-05-26T16:08:47Z">
          <reporter-output>
          </reporter-output>
        </test-method> <!-- FetchData -->
        <test-method status="PASS" signature="closeBrowser()[pri:0, instance:imdb.FetchTop250MoviesDetails@5a45133e]" name="closeBrowser" is-config="true" duration-ms="1942" started-at="2019-05-26T16:08:47Z" finished-at="2019-05-26T16:08:49Z">
          <reporter-output>
          </reporter-output>
        </test-method> <!-- closeBrowser -->
      </class> <!-- imdb.FetchTop250MoviesDetails -->
    </test> <!-- Default test -->
  </suite> <!-- Default suite -->
</testng-results>
